[     966ms] [ERROR] Got invalid theme mode: . Resetting to auto. @ https://docs.pytorch.org/docs/stable/_static/scripts/pydata-sphinx-theme.js?digest=dfe6caa3a7d634c4db9b:0
[     966ms] [LOG] [PST]: Changed to auto mode using the light theme. @ https://docs.pytorch.org/docs/stable/_static/scripts/pydata-sphinx-theme.js?digest=dfe6caa3a7d634c4db9b:0
[    1017ms] [LOG] [PST]: Scrolled sidebar using last active link... @ https://docs.pytorch.org/docs/stable/_static/scripts/pydata-sphinx-theme.js?digest=dfe6caa3a7d634c4db9b:0
[    1031ms] [ERROR] [JavaScript Error: "downloadable font: download failed (font-family: "Font Awesome 6 Free" style:normal weight:900 stretch:100 src index:0): status=2147746065 source: https://docs.pytorch.org/docs/stable/_static/webfonts/fa-solid-900.woff2"] @ :12376
[    1031ms] [ERROR] [JavaScript Error: "downloadable font: download failed (font-family: "Font Awesome 6 Brands" style:normal weight:400 stretch:100 src index:0): status=2147746065 source: https://docs.pytorch.org/docs/stable/_static/webfonts/fa-brands-400.woff2"] @ :12420
[    1044ms] [LOG] This is the prefered version of the docs, not showing the warning banner. @ https://docs.pytorch.org/docs/stable/_static/scripts/pydata-sphinx-theme.js?digest=dfe6caa3a7d634c4db9b:0
[    1099ms] [LOG] GTM loaded successfully @ https://docs.pytorch.org/docs/stable/cpp_extension.html:164
[    1275ms] [ERROR] [JavaScript Error: "downloadable font: download failed (font-family: "Font Awesome 6 Free" style:normal weight:900 stretch:100 src index:1): status=2147746065 source: https://docs.pytorch.org/docs/stable/_static/webfonts/fa-solid-900.ttf"] @ :12376
[    1276ms] [ERROR] [JavaScript Error: "downloadable font: download failed (font-family: "Font Awesome 6 Brands" style:normal weight:400 stretch:100 src index:1): status=2147746065 source: https://docs.pytorch.org/docs/stable/_static/webfonts/fa-brands-400.ttf"] @ :12420
[    1284ms] [WARNING] [JavaScript Warning: "This page is in Quirks Mode. Page layout may be impacted. For Standards Mode use “<!DOCTYPE html>”." {file: "https://cmp.osano.com/" line: 0}] @ https://cmp.osano.com/:0
[    1332ms] [ERROR] [JavaScript Error: "downloadable font: download failed (font-family: "Font Awesome 6 Free" style:normal weight:900 stretch:100 src index:0): status=2147746065 source: https://docs.pytorch.org/docs/stable/_static/webfonts/fa-solid-900.woff2"] @ :12376
[    1334ms] [ERROR] [JavaScript Error: "downloadable font: download failed (font-family: "Font Awesome 6 Brands" style:normal weight:400 stretch:100 src index:0): status=2147746065 source: https://docs.pytorch.org/docs/stable/_static/webfonts/fa-brands-400.woff2"] @ :12420
[    1346ms] [ERROR] [JavaScript Error: "downloadable font: download failed (font-family: "Font Awesome 6 Brands" style:normal weight:400 stretch:100 src index:1): status=2147746065 source: https://docs.pytorch.org/docs/stable/_static/webfonts/fa-brands-400.ttf"] @ :12420
[    1348ms] [ERROR] [JavaScript Error: "downloadable font: download failed (font-family: "Font Awesome 6 Free" style:normal weight:900 stretch:100 src index:1): status=2147746065 source: https://docs.pytorch.org/docs/stable/_static/webfonts/fa-solid-900.ttf"] @ :12376
[    1381ms] [LOG] No tutorial card containers found @ https://docs.pytorch.org/docs/stable/_static/js/theme.js:272
[    1382ms] [LOG] Found tags: Array @ https://docs.pytorch.org/docs/stable/_static/js/theme.js:285
[    1383ms] [LOG] No tags found to create menu @ https://docs.pytorch.org/docs/stable/_static/js/theme.js:303
[    1767ms] [WARNING] Error: Google tag AW-1032976986 loaded before Consent Mode update. Please review and resolve Google Consent Mode sequencing. @ https://cmp.osano.com/16A0DbT9yDNIaQkvZ/31b1b91a-e0b6-47ea-bde2-7f2bd13dbe5c/osano.js?variant=one:1
[    3281ms] [INFO] [JavaScript Error: "Referrer Policy: Ignoring the less restricted referrer policy “unsafe-url” for the cross-site request: https://ws.zoominfo.com/pixel/6717e3d2a1fe4657de1c2760/?iszitag=true" {file: "https://ws.zoominfo.com/pixel/6717e3d2a1fe4657de1c2760/?iszitag=true" line: 0}] @ https://ws.zoominfo.com/pixel/6717e3d2a1fe4657de1c2760/?iszitag=true:0
[    3918ms] [WARNING] [JavaScript Warning: "A resource is blocked by OpaqueResponseBlocking, please check browser console for details." {file: "https://ep1.adtrafficquality.google/pagead/sodar?id=sodar2&v=254&t=2&li=afs_1234567890&jk=cQgnh9ioRuubkA6PHUZymw%3D%3D&bg=!wsGlwaPNAAZuQnBWTkI7AEcBe5WfOFW8-owrHKIsA5MnvW2ETFPX4FM5WzsQLIs8j1L2aKPA5uMzEUeJ3E2M2oxLj44WkXHbvP7rsolXH3QJSOj3-8e13AIAAADhUgAAAAFoAQd-ABu7fVYP4KROZCh5Ap-2MeNdy7ERphSrz0sI77oKAD6O8UakATa_NplR2_TvTZXFUfdhvvJ3ZNKNVHRgFRJWP9ZfPrQWw_Lwxm7OzjL6Q1rCxQtaj3V7unMsXg6bUpkBsTZjZcDUL79nFYJ03StETpebmc4tJCZFrT5sAcxsCjMeaHw1cHK2m53Iz50MsnnURCH0Q6TXiR4ASwGDswFRKgOGnjpWrrOmciCJbi-fkl50aDuum9yfviF2yNu9B" line: 0}] @ https://ep1.adtrafficquality.google/pagead/sodar?id=sodar2&v=254&t=2&li=afs_1234567890&jk=cQgnh9ioRuubkA6PHUZymw%3D%3D&bg=!wsGlwaPNAAZuQnBWTkI7AEcBe5WfOFW8-owrHKIsA5MnvW2ETFPX4FM5WzsQLIs8j1L2aKPA5uMzEUeJ3E2M2oxLj44WkXHbvP7rsolXH3QJSOj3-8e13AIAAADhUgAAAAFoAQd-ABu7fVYP4KROZCh5Ap-2MeNdy7ERphSrz0sI77oKAD6O8UakATa_NplR2_TvTZXFUfdhvvJ3ZNKNVHRgFRJWP9ZfPrQWw_Lwxm7OzjL6Q1rCxQtaj3V7unMsXg6bUpkBsTZjZcDUL79nFYJ03StETpebmc4tJCZFrT5sAcxsCjMeaHw1cHK2m53Iz50MsnnURCH0Q6TXiR4ASwGDswFRKgOGnjpWrrOmciCJbi-fkl50aDuum9yfviF2yNu9BLXDboM_Kas009_MFhFLzGb5JYy-lZWj0ag93YtqYDuA4b9eX6CiydRsqjIL3XRpHFInVZvDdGBUPXdvtjeBejvlV6XAZqARjhs5LDkpbNaaKe5IGq23z-QXTzO0bQIK91pniSLJY6tK2PFNPX7eB9JeM0sNQJQz1YsZsDUhzhVDgqiRmZEYUZXmapMkbMAt-YGfd128PAYx78fqpzuWatlyvx085gVBRAKH3CAr5sWNo3Tn868P6nYkpiOcb-CsfLKrjrt_korIHvYMoncRSlvmxRAcUwt9LnYpPugXHmaiYfqPB_q_Td7DVvwOT3YxOZph35Lv1ADYPAhDpQC4RnKWtleqO6K1d6eIVNMSj1mFTf_7HnEXrvcQcNVkbqBJnZ2t9yBIXY3hUzLbAP-1C3bGznBGPdH7PHwpLDeB5AsSz_uiAno6KDbPGTq3Yfn0DcQ5pa8:0
