[     788ms] [LOG] JQMIGRATE: Migrate is installed, version 3.4.1 @ https://pytorch.org/get-started/previous-versions/:4
[     878ms] TypeError: $ is not a function
    at  (https://pytorch.org/assets/menu-tab-selection.js:1:22)
[     879ms] TypeError: $ is not a function
    at  (https://pytorch.org/assets/quick-start-module.js:33:11)
[     879ms] TypeError: $ is not a function
    at  (https://pytorch.org/assets/show-screencast.js:1:2)
[     879ms] TypeError: $ is not a function
    at  (https://pytorch.org/assets/get-started-sidebar.js:3:2)
[     926ms] TypeError: $ is not a function
    at  (https://pytorch.org/assets/menu-tab-selection.js:1:22)
[     928ms] [WARNING] [JavaScript Warning: "downloadable font: Glyph bbox was incorrect (glyph ids 6 7 16 18 19 40 49 60 74 82) (font-family: "icomoon" style:normal weight:400 stretch:100 src index:1) source: https://pytorch.org/wp-content/themes/salient/css/fonts/icomoon.woff?v=1.7"] @ :0
[    1012ms] [WARNING] [JavaScript Warning: "Loading failed for the <script> with source “https://pytorch.org/assets/quick-start-module.js-disabled”." {file: "https://pytorch.org/get-started/previous-versions/" line: 2406}] @ https://pytorch.org/get-started/previous-versions/:2406
[    1053ms] TypeError: $ is not a function
    at  (https://pytorch.org/assets/show-screencast.js:1:2)
[    1135ms] TypeError: $ is not a function
    at  (https://pytorch.org/assets/get-started-sidebar.js:3:2)
[    1263ms] [WARNING] [JavaScript Warning: "downloadable font: Glyph bbox was incorrect (glyph ids 1 3 4 5 6 7 9 12 22 24 25 29 30 33 34 35 36 37 38 39 45 46 48 49 50 51 53 54 55 58 60 64 65 66 67 71 78 83 84 85 88 90 97 98 102 103 106 109 110 127 130 137 138 139 143 145 146 148 150 151 152 159 162 167 172 177 178 185 188 190 191 192 193 195 196 198 201 202 209 210 212 213 218 220 222 224 225 229 240 242 243 245 247 248 251 252 254 255 258 259 263 266 267 270 272 273 274 277 278 281 284 288 289 292 297 300 303 304 305 310 311 313 316 318 321 322 324 325 327 331 332 333 334 339 342 345 346 348 354 356 357 359 363 366 368 369 370 371 373 374 378 381 384 385 386 393 395 396 397 398 413 414 417 422 423 425 429 430 434 436 437 438 441 446 451 453 454 455 458 461 466 467 468 469 472 474 477 478 480 482 483 484 485 487 488 493) (font-family: "Font Awesome 6 Brands" style:normal weight:400 stretch:100 src index:0) source: https://use.fontawesome.com/releases/v6.0.0/webfonts/fa-brands-400.woff2"] @ :5
[    1264ms] [WARNING] [JavaScript Warning: "This page is in Quirks Mode. Page layout may be impacted. For Standards Mode use “<!DOCTYPE html>”." {file: "https://cmp.osano.com/" line: 0}] @ https://cmp.osano.com/:0
[    1265ms] [WARNING] [JavaScript Warning: "downloadable font: Glyph bbox was incorrect (glyph ids 1 3 4 5 6 7 9 12 22 24 25 29 30 33 34 35 36 37 38 39 45 46 48 49 50 51 53 54 55 58 60 64 65 66 67 71 78 83 84 85 88 90 97 98 102 103 106 109 110 127 130 137 138 139 143 145 146 148 150 151 152 159 162 167 172 177 178 185 188 190 191 192 193 195 196 198 201 202 209 210 212 213 218 220 222 224 225 229 240 242 243 245 247 248 251 252 254 255 258 259 263 266 267 270 272 273 274 277 278 281 284 288 289 292 297 300 303 304 305 310 311 313 316 318 321 322 324 325 327 331 332 333 334 339 342 345 346 348 354 356 357 359 363 366 368 369 370 371 373 374 378 381 384 385 386 393 395 396 397 398 413 414 417 422 423 425 429 430 434 436 437 438 441 446 451 453 454 455 458 461 466 467 468 469 472 474 477 478 480 482 483 484 485 487 488 493) (font-family: "FontAwesome" style:normal weight:400 stretch:100 src index:0) source: https://use.fontawesome.com/releases/v6.0.0/webfonts/fa-brands-400.woff2"] @ :5
[    1275ms] [WARNING] [JavaScript Warning: "downloadable font: Glyph bbox was incorrect (glyph ids 5 6 18 21 23 24 26 27 30 31 32 33 34 35 37 40) (font-family: "FontAwesome" style:normal weight:400 stretch:100 src index:0) source: https://use.fontawesome.com/releases/v6.0.0/webfonts/fa-v4compatibility.woff2"] @ :5
[    1309ms] [WARNING] [JavaScript Warning: "downloadable font: Glyph bbox was incorrect (glyph ids 2 3 5 8 9 10 11 12 14 17 19 21 22 32 34 35 39 40 43 44 45 46 47 49 51 52 54 56 57 58 60 61 62 63 64 65 67 68 69 71 74 75 76 77 79 86 89 91 96 98 99 100 102 103 109 110 111 113 116 117 118 124 127 128 129 130 132 133 134 137 138 140 142 143 145 146 147 155 156 159 160 171 172 173 177 192 201 202 203 204 207 208 209 210 225 231 233 234 235 238 239 243 244 246 252 253 254 256 259 261 262 268 269 278 279 280 281 285 287 288 295 296 302 303 304 305 307 308 309 313 315 322 324 353 355 356 357 360 362 367 370 371 376 390 396 397 398 400 403 404 407 408 415 416 417 418 423 424 425 427 428 432 433 434 435 436 439 451 452 455 461 467 470 471 482 483 485 489 491 496 499 500 505 514 529 532 541 542 543 547 549 551 553 554 555 556 557 559 579 580 581 582 584 591 592 593 594 595 596 597 600 601 608 609 614 615 622 624 649 658 659 662 664 673 679 680 681 682 684 687 688 689 692 693 694 695 696 698 699 700 702 708 710 711 712 714 716 719 723 724 727 728 729 731 732 733 739 750 751 754 755 756 758 759 761 762 763 766 770 776 778 781 792 795 798 800 802 803 807 808 810 813 818 822 823 826 834 837 854 860 861 862 863 866 867 871 872 874 875 881 882 883 886 892 894 895 897 898 900 901 902 907 910 913 915 917 920 927 936 937 943 945 946 947 949 950 951 954 955 956 958 961 962 964 965 966 968 969 970 974 976 978 980 981 982 985 986 991 992 998 1000 1001 1007 1008 1009 1010 1014 1016 1018 1020 1022 1023 1024 1027 1028 1033 1034 1035 1036 1037 1040 1041 1044 1045 1047 1048 1049 1053 1054 1055 1056 1057 1059 1061 1063 1064 1065 1072 1074 1075 1078 1079 1080 1081 1085 1086 1087 1088 1093 1095 1099 1100 1111 1112 1115 1116 1117 1120 1121 1122 1123 1124 1125) (font-family: "FontAwesome" style:normal weight:400 stretch:100 src index:0) source: https://use.fontawesome.com/releases/v6.0.0/webfonts/fa-solid-900.woff2"] @ :5
[    2306ms] [WARNING] [JavaScript Warning: "This page is in Quirks Mode. Page layout may be impacted. For Standards Mode use “<!DOCTYPE html>”." {file: "https://cmp.osano.com/" line: 0}] @ https://cmp.osano.com/:0
[    2477ms] uncaught exception: Could not clear consent from root domain.

[    2561ms] [INFO] [JavaScript Error: "Referrer Policy: Ignoring the less restricted referrer policy “unsafe-url” for the cross-site request: https://ws.zoominfo.com/pixel/6717e3d2a1fe4657de1c2760/?iszitag=true" {file: "https://ws.zoominfo.com/pixel/6717e3d2a1fe4657de1c2760/?iszitag=true" line: 0}] @ https://ws.zoominfo.com/pixel/6717e3d2a1fe4657de1c2760/?iszitag=true:0
[    2869ms] [ERROR] [JavaScript Error: "Cookie “_fbp” has been rejected for invalid domain." {file: "https://pytorch.org/get-started/previous-versions/" line: 0}] @ https://pytorch.org/get-started/previous-versions/:0
[    2869ms] [ERROR] [JavaScript Error: "Cookie “_fbp” has been rejected for invalid domain." {file: "https://pytorch.org/get-started/previous-versions/" line: 0}] @ https://pytorch.org/get-started/previous-versions/:0
