[     967ms] [ERROR] Got invalid theme mode: . Resetting to auto. @ https://docs.pytorch.org/docs/stable/_static/scripts/pydata-sphinx-theme.js?digest=dfe6caa3a7d634c4db9b:0
[     969ms] [LOG] [PST]: Changed to auto mode using the light theme. @ https://docs.pytorch.org/docs/stable/_static/scripts/pydata-sphinx-theme.js?digest=dfe6caa3a7d634c4db9b:0
[    1022ms] [LOG] [PST]: Scrolled sidebar using last active link... @ https://docs.pytorch.org/docs/stable/_static/scripts/pydata-sphinx-theme.js?digest=dfe6caa3a7d634c4db9b:0
[    1080ms] [ERROR] [JavaScript Error: "downloadable font: download failed (font-family: "Font Awesome 6 Free" style:normal weight:900 stretch:100 src index:0): status=2147746065 source: https://docs.pytorch.org/docs/stable/_static/webfonts/fa-solid-900.woff2"] @ :12376
[    1080ms] [ERROR] [JavaScript Error: "downloadable font: download failed (font-family: "Font Awesome 6 Brands" style:normal weight:400 stretch:100 src index:0): status=2147746065 source: https://docs.pytorch.org/docs/stable/_static/webfonts/fa-brands-400.woff2"] @ :12420
[    1134ms] [ERROR] [JavaScript Error: "downloadable font: download failed (font-family: "Font Awesome 6 Free" style:normal weight:900 stretch:100 src index:1): status=2147746065 source: https://docs.pytorch.org/docs/stable/_static/webfonts/fa-solid-900.ttf"] @ :12376
[    1135ms] [ERROR] [JavaScript Error: "downloadable font: download failed (font-family: "Font Awesome 6 Brands" style:normal weight:400 stretch:100 src index:1): status=2147746065 source: https://docs.pytorch.org/docs/stable/_static/webfonts/fa-brands-400.ttf"] @ :12420
[    1152ms] [LOG] This is the prefered version of the docs, not showing the warning banner. @ https://docs.pytorch.org/docs/stable/_static/scripts/pydata-sphinx-theme.js?digest=dfe6caa3a7d634c4db9b:0
[    1237ms] [LOG] GTM loaded successfully @ https://docs.pytorch.org/docs/stable/cpp_extension.html:164
[    1305ms] [ERROR] [JavaScript Error: "downloadable font: download failed (font-family: "Font Awesome 6 Free" style:normal weight:900 stretch:100 src index:0): status=2147746065 source: https://docs.pytorch.org/docs/stable/_static/webfonts/fa-solid-900.woff2"] @ :12376
[    1306ms] [ERROR] [JavaScript Error: "downloadable font: download failed (font-family: "Font Awesome 6 Brands" style:normal weight:400 stretch:100 src index:0): status=2147746065 source: https://docs.pytorch.org/docs/stable/_static/webfonts/fa-brands-400.woff2"] @ :12420
[    1313ms] [WARNING] [JavaScript Warning: "This page is in Quirks Mode. Page layout may be impacted. For Standards Mode use “<!DOCTYPE html>”." {file: "https://cmp.osano.com/" line: 0}] @ https://cmp.osano.com/:0
[    1341ms] [ERROR] [JavaScript Error: "Cookie “_fbp” has been rejected for invalid domain." {file: "https://docs.pytorch.org/docs/stable/cpp_extension.html" line: 0}] @ https://docs.pytorch.org/docs/stable/cpp_extension.html:0
[    1342ms] [ERROR] [JavaScript Error: "Cookie “_fbp” has been rejected for invalid domain." {file: "https://docs.pytorch.org/docs/stable/cpp_extension.html" line: 0}] @ https://docs.pytorch.org/docs/stable/cpp_extension.html:0
[    1350ms] [ERROR] [JavaScript Error: "downloadable font: download failed (font-family: "Font Awesome 6 Brands" style:normal weight:400 stretch:100 src index:1): status=2147746065 source: https://docs.pytorch.org/docs/stable/_static/webfonts/fa-brands-400.ttf"] @ :12420
[    1350ms] [ERROR] [JavaScript Error: "downloadable font: download failed (font-family: "Font Awesome 6 Free" style:normal weight:900 stretch:100 src index:1): status=2147746065 source: https://docs.pytorch.org/docs/stable/_static/webfonts/fa-solid-900.ttf"] @ :12376
[    1395ms] [LOG] No tutorial card containers found @ https://docs.pytorch.org/docs/stable/_static/js/theme.js:272
[    1396ms] [LOG] Found tags: Array @ https://docs.pytorch.org/docs/stable/_static/js/theme.js:285
[    1396ms] [LOG] No tags found to create menu @ https://docs.pytorch.org/docs/stable/_static/js/theme.js:303
[    1881ms] [WARNING] Error: Google tag AW-1032976986 loaded before Consent Mode update. Please review and resolve Google Consent Mode sequencing. @ https://cmp.osano.com/16A0DbT9yDNIaQkvZ/31b1b91a-e0b6-47ea-bde2-7f2bd13dbe5c/osano.js?variant=one:1
[    2013ms] [ERROR] [JavaScript Error: "Failed to execute ‘postMessage’ on ‘DOMWindow’: The target origin provided (‘https://cmp.osano.com’) does not match the recipient window’s origin (‘https://docs.pytorch.org’)." {file: "https://docs.pytorch.org/docs/stable/cpp_extension.html" line: 0}] @ https://docs.pytorch.org/docs/stable/cpp_extension.html:0
[    3443ms] [INFO] [JavaScript Error: "Referrer Policy: Ignoring the less restricted referrer policy “unsafe-url” for the cross-site request: https://ws.zoominfo.com/pixel/6717e3d2a1fe4657de1c2760/?iszitag=true" {file: "https://ws.zoominfo.com/pixel/6717e3d2a1fe4657de1c2760/?iszitag=true" line: 0}] @ https://ws.zoominfo.com/pixel/6717e3d2a1fe4657de1c2760/?iszitag=true:0
[    4140ms] [WARNING] [JavaScript Warning: "A resource is blocked by OpaqueResponseBlocking, please check browser console for details." {file: "https://ep1.adtrafficquality.google/pagead/sodar?id=sodar2&v=254&t=2&li=afs_1234567890&jk=OxD%2F8tYqQxCPTcF9EXSVgw%3D%3D&bg=!lJell_XNAAZuQnBWTkI7AEcBe5WfOOSnkhmPIwwvWgiQ45j1X6Jhvv0vglwbtVc51H4WSehQAszLTvglpjYWUdJfxbZJmgzb8pe6BtKH6O5HWWJVyg7nCgIAAABQUgAAAAJoAQd-ABtDa-SgX6ntoj7Sr36EX_Kh40PTpkd2zN8oaHEKAJHdIav9VezTo6vWGPoV46rbj2wfeiNPFp81eQBqi18fkn75PDPnWm84aiySbLwFPlZlKsl3lpzXhnY1DeWDloacNK-Aj-hO-QIueODnNhdOOEq0HB8OkueqfQ99xsBippOQiZW2IPhHLAjn41D7bxs4wzDCTNDu-aegkRh8HdauLW_7bkhZGyoduam3Xcz4859BmQG7RcZoqyb7gth" line: 0}] @ https://ep1.adtrafficquality.google/pagead/sodar?id=sodar2&v=254&t=2&li=afs_1234567890&jk=OxD%2F8tYqQxCPTcF9EXSVgw%3D%3D&bg=!lJell_XNAAZuQnBWTkI7AEcBe5WfOOSnkhmPIwwvWgiQ45j1X6Jhvv0vglwbtVc51H4WSehQAszLTvglpjYWUdJfxbZJmgzb8pe6BtKH6O5HWWJVyg7nCgIAAABQUgAAAAJoAQd-ABtDa-SgX6ntoj7Sr36EX_Kh40PTpkd2zN8oaHEKAJHdIav9VezTo6vWGPoV46rbj2wfeiNPFp81eQBqi18fkn75PDPnWm84aiySbLwFPlZlKsl3lpzXhnY1DeWDloacNK-Aj-hO-QIueODnNhdOOEq0HB8OkueqfQ99xsBippOQiZW2IPhHLAjn41D7bxs4wzDCTNDu-aegkRh8HdauLW_7bkhZGyoduam3Xcz4859BmQG7RcZoqyb7gth_7m5vJUZ-Ek69JqzuQkN_6TN-4UVZbM0ZHDQxQ2fbppZYwsQIK1qincOuFnfE_dE6Vu11x33B4MZnE2ZyqnCaoKrVmqE17WRNMbVhcO_6Y_35Ni7k-K4tzRx1ArgXlyV9nbefayBjzZMNEoh876klbxI-ctTX0OxWPhm-W0Ul1tLYhgfyqLn3GXq7Ta2mT8_7KRWSFdfEbglwV33xbCKaGH15WpP6xvgClNigUFmghfVWYFKU_KuDUhYfgzd69pAzLdDlH4o_tAkt-O5Vr8pLhkrFeNdWE7xkg_zB0acK8jiU5wmpW62oWdriEs6NMdxk8mVveQsDsfNUHcPsXNyO-Hb1QGQIP8vMHqOosE5rjYhRhVhOQTExGyK7tOsOn1kFfmDpdlMpOLpKyc1ayvPaWTANlEvmUiv9EEt0lFRBE-xFZlXf8QsMhTpCA-UbYW-DbiNTcN9q4U95XGMpUdneQMT9K3vJkXmbRv6tc_AuBYaoL9IzUnkJkohj-xQNFy7DJCGMfJUiY2eBOLdElXvNTBik726B61XRhxhU-5p_yQy0FlBXmK19D--LRFuh07Z6KpU:0
[   10457ms] [WARNING] [JavaScript Warning: "The resource at “https://docs.pytorch.org/docs/stable/_static/vendor/fontawesome/6.5.2/webfonts/fa-regular-400.woff2” preloaded with link preload was not used within a few seconds. Make sure all attributes of the preload tag are set correctly." {file: "https://docs.pytorch.org/docs/stable/cpp_extension.html" line: 0}] @ https://docs.pytorch.org/docs/stable/cpp_extension.html:0
